govern clone-step: 9 clone group(s) in this codebase; 9 NEW (no baseline yet).
  NEW clone b13d418b8b29 (6 lines)
    /Users/orion/work/production-control-work/production-control/tests/integration/support.ts:162:167
    /Users/orion/work/production-control-work/production-control/tests/unit/state/support.ts:27:32
  NEW clone 320d73d84f8a (8 lines)
    /Users/orion/work/production-control-work/production-control/src/manifest/load.ts:113:120
    /Users/orion/work/production-control-work/production-control/src/providers/contract.ts:114:121
  NEW clone f45e01308a2c (38 lines)
    /Users/orion/work/production-control-work/production-control/src/ledger/store.ts:137:174
    /Users/orion/work/production-control-work/production-control/src/manifest/load.ts:74:111
  NEW clone eaa5bdd78328 (14 lines)
    /Users/orion/work/production-control-work/production-control/src/ledger/store.ts:175:188
    /Users/orion/work/production-control-work/production-control/src/manifest/load.ts:112:125
  NEW clone a1b49cffc62a (6 lines)
    /Users/orion/work/production-control-work/production-control/src/cli/index.ts:176:181
    /Users/orion/work/production-control-work/production-control/src/cli/index.ts:94:99
  NEW clone 75e5526089d9 (16 lines)
    /Users/orion/work/production-control-work/production-control/src/cli/asset.ts:136:151
    /Users/orion/work/production-control-work/production-control/src/manifest/load.ts:85:96
  NEW clone 61390960e836 (13 lines)
    /Users/orion/work/production-control-work/production-control/src/assets/pointer.ts:135:147
    /Users/orion/work/production-control-work/production-control/src/manifest/load.ts:81:96
  NEW clone 5c7e13fcb830 (7 lines)
    /Users/orion/work/production-control-work/production-control/src/assets/pointer.ts:147:153
    /Users/orion/work/production-control-work/production-control/src/manifest/load.ts:97:103
  NEW clone aed071898b81 (9 lines)
    /Users/orion/work/production-control-work/production-control/src/assets/pointer.ts:157:165
    /Users/orion/work/production-control-work/production-control/src/manifest/load.ts:112:120
govern: code-only scoping active — excluded 21 documentation file(s) from the audit payload.
